<?xml version="1.0" encoding="UTF-8"?>
<!-- Generated by org.testng.reporters.JUnitXMLReporter -->
<testsuite ignored="0" hostname="DESKTOP-S9F8K9E" failures="0" tests="4" name="FirefoxTest" time="77.672" errors="0" timestamp="2022-09-23T15:43:31 IST">
  <testcase classname="test.VerifyCabPage" name="@BeforeClass launchBrowser" time="23.229">
    <failure type="org.openqa.selenium.interactions.MoveTargetOutOfBoundsException" message="(0, 720) is out of bounds of viewport width (1366) and height (643)
Build info: version: &amp;apos;3.141.59&amp;apos;, revision: &amp;apos;e82be7d358&amp;apos;, time: &amp;apos;2018-11-14T08:17:03&amp;apos;
System info: host: &amp;apos;DESKTOP-S9F8K9E&amp;apos;, ip: &amp;apos;192.168.43.18&amp;apos;, os.name: &amp;apos;Windows 10&amp;apos;, os.arch: &amp;apos;amd64&amp;apos;, os.version: &amp;apos;10.0&amp;apos;, java.version: &amp;apos;18.0.1.1&amp;apos;
Driver info: org.openqa.selenium.firefox.FirefoxDriver
Capabilities {acceptInsecureCerts: true, browserName: firefox, browserVersion: 105.0, javascriptEnabled: true, moz:accessibilityChecks: false, moz:buildID: 20220915150737, moz:geckodriverVersion: 0.31.0, moz:headless: false, moz:platformVersion: 10.0, moz:processID: 15784, moz:profile: C:\Users\ADMIN\AppData\Loca..., moz:shutdownTimeout: 60000, moz:useNonSpecCompliantPointerOrigin: false, moz:webdriverClick: true, moz:windowless: false, pageLoadStrategy: normal, platform: WINDOWS, platformName: WINDOWS, proxy: Proxy(), setWindowRect: true, strictFileInteractability: false, timeouts: {implicit: 0, pageLoad: 300000, script: 30000}, unhandledPromptBehavior: dismiss and notify}
Session ID: 8504d561-b4d3-4b1a-bd22-c9ec7e28d1c3">
      <![CDATA[org.openqa.selenium.interactions.MoveTargetOutOfBoundsException: (0, 720) is out of bounds of viewport width (1366) and height (643)
Build info: version: '3.141.59', revision: 'e82be7d358', time: '2018-11-14T08:17:03'
System info: host: 'DESKTOP-S9F8K9E', ip: '192.168.43.18', os.name: 'Windows 10', os.arch: 'amd64', os.version: '10.0', java.version: '18.0.1.1'
Driver info: org.openqa.selenium.firefox.FirefoxDriver
Capabilities {acceptInsecureCerts: true, browserName: firefox, browserVersion: 105.0, javascriptEnabled: true, moz:accessibilityChecks: false, moz:buildID: 20220915150737, moz:geckodriverVersion: 0.31.0, moz:headless: false, moz:platformVersion: 10.0, moz:processID: 15784, moz:profile: C:\Users\ADMIN\AppData\Loca..., moz:shutdownTimeout: 60000, moz:useNonSpecCompliantPointerOrigin: false, moz:webdriverClick: true, moz:windowless: false, pageLoadStrategy: normal, platform: WINDOWS, platformName: WINDOWS, proxy: Proxy(), setWindowRect: true, strictFileInteractability: false, timeouts: {implicit: 0, pageLoad: 300000, script: 30000}, unhandledPromptBehavior: dismiss and notify}
Session ID: 8504d561-b4d3-4b1a-bd22-c9ec7e28d1c3
at org.openqa.selenium.remote.http.W3CHttpResponseCodec.createException(W3CHttpResponseCodec.java:187)
at org.openqa.selenium.remote.http.W3CHttpResponseCodec.decode(W3CHttpResponseCodec.java:122)
at org.openqa.selenium.remote.http.W3CHttpResponseCodec.decode(W3CHttpResponseCodec.java:49)
at org.openqa.selenium.remote.HttpCommandExecutor.execute(HttpCommandExecutor.java:158)
at org.openqa.selenium.remote.service.DriverCommandExecutor.execute(DriverCommandExecutor.java:83)
at org.openqa.selenium.remote.RemoteWebDriver.execute(RemoteWebDriver.java:552)
at org.openqa.selenium.remote.RemoteWebDriver.perform(RemoteWebDriver.java:618)
at org.openqa.selenium.interactions.Actions$BuiltAction.perform(Actions.java:639)
at redbusPages.HomePage.popupCacel(HomePage.java:45)
at test.VerifyCabPage.launchBrowser(VerifyCabPage.java:69)
at java.base/java.util.ArrayList.forEach(ArrayList.java:1511)
... Removed 26 stack frames]]>
    </failure>
  </testcase> <!-- @BeforeClass launchBrowser -->
  <testcase classname="test.VerifyCabPage" name="@BeforeMethod openCabPage" time="-1.663927972707E9">
    <skipped/>
  </testcase> <!-- @BeforeMethod openCabPage -->
  <testcase classname="test.VerifyCabPage" name="@AfterMethod navigateBackToHome" time="-1.663927972726E9">
    <skipped/>
  </testcase> <!-- @AfterMethod navigateBackToHome -->
  <testcase classname="test.VerifyCabPage" name="@BeforeMethod openCabPage" time="-1.663927972769E9">
    <skipped/>
  </testcase> <!-- @BeforeMethod openCabPage -->
  <testcase classname="test.VerifyCabPage" name="@AfterMethod navigateBackToHome" time="-1.663927972786E9">
    <skipped/>
  </testcase> <!-- @AfterMethod navigateBackToHome -->
  <testcase classname="test.VerifyCabPage" name="@AfterClass clearobjects" time="-1.66392797279E9">
    <skipped/>
  </testcase> <!-- @AfterClass clearobjects -->
  <testcase classname="test.VerifyCabPage" name="@AfterTest closeTheWindow" time="-1.66392801118E9">
    <skipped/>
  </testcase> <!-- @AfterTest closeTheWindow -->
  <testcase classname="test.VerifyHelpPageLink" name="@AfterTest closeTheWindow" time="-1.663928011182E9">
    <skipped/>
  </testcase> <!-- @AfterTest closeTheWindow -->
  <testcase classname="test.VerifyCabPage" name="verifyHoyrlyRentalTab" time="0.0">
    <skipped/>
  </testcase> <!-- verifyHoyrlyRentalTab -->
  <testcase classname="test.VerifyCabPage" name="verifyOutstaionTab" time="0.0">
    <skipped/>
  </testcase> <!-- verifyOutstaionTab -->
  <testcase classname="test.VerifyHelpPageLink" name="verifyLoginToAccountLink" time="5.048"/>
  <testcase classname="test.VerifyHelpPageLink" name="verifySetLanguage" time="10.127"/>
</testsuite> <!-- FirefoxTest -->
