<?xml version="1.0" encoding="UTF-8"?>
<!-- Generated by org.testng.reporters.JUnitXMLReporter -->
<testsuite ignored="0" hostname="DESKTOP-S9F8K9E" failures="0" tests="2" name="Default test" time="0.257" errors="0" timestamp="2022-09-19T16:40:10 IST">
  <testcase classname="test.VerifyCabPage" name="@BeforeTest launchMultipleBrowser" time="-1.663585809806E9">
    <failure type="org.testng.TestNGException" message="
Parameter &amp;apos;browser&amp;apos; is required by BeforeTest on method launchMultipleBrowser but has not been marked @Optional or defined
in C:\Users\ADMIN\AppData\Local\Temp\testng-eclipse--1932442060\testng-customsuite.xml">
      <![CDATA[org.testng.TestNGException: 
Parameter 'browser' is required by BeforeTest on method launchMultipleBrowser but has not been marked @Optional or defined
in C:\Users\ADMIN\AppData\Local\Temp\testng-eclipse--1932442060\testng-customsuite.xml
at org.testng.internal.Parameters.createParams(Parameters.java:270)
at org.testng.internal.Parameters.createParametersForMethod(Parameters.java:358)
at org.testng.internal.Parameters.createParameters(Parameters.java:700)
at org.testng.internal.Parameters.createConfigurationParameters(Parameters.java:168)
at org.testng.internal.ConfigInvoker.invokeConfigurations(ConfigInvoker.java:302)
at org.testng.TestRunner.invokeTestConfigurations(TestRunner.java:637)
at org.testng.TestRunner.beforeRun(TestRunner.java:627)
at org.testng.TestRunner.run(TestRunner.java:589)
at org.testng.SuiteRunner.runTest(SuiteRunner.java:377)
at org.testng.SuiteRunner.runSequentially(SuiteRunner.java:371)
at org.testng.SuiteRunner.privateRun(SuiteRunner.java:332)
at org.testng.SuiteRunner.run(SuiteRunner.java:276)
at org.testng.SuiteRunnerWorker.runSuite(SuiteRunnerWorker.java:53)
at org.testng.SuiteRunnerWorker.run(SuiteRunnerWorker.java:96)
at org.testng.TestNG.runSuitesSequentially(TestNG.java:1212)
at org.testng.TestNG.runSuitesLocally(TestNG.java:1134)
at org.testng.TestNG.runSuites(TestNG.java:1063)
at org.testng.TestNG.run(TestNG.java:1031)
at org.testng.remote.AbstractRemoteTestNG.run(AbstractRemoteTestNG.java:115)
at org.testng.remote.RemoteTestNG.initAndRun(RemoteTestNG.java:251)
at org.testng.remote.RemoteTestNG.main(RemoteTestNG.java:77)
]]>
    </failure>
  </testcase> <!-- @BeforeTest launchMultipleBrowser -->
  <testcase classname="test.VerifyCabPage" name="@BeforeClass launchBrowser" time="-1.663585809907E9">
    <skipped/>
  </testcase> <!-- @BeforeClass launchBrowser -->
  <testcase classname="test.VerifyCabPage" name="@BeforeMethod openCabPage" time="-1.663585809958E9">
    <skipped/>
  </testcase> <!-- @BeforeMethod openCabPage -->
  <testcase classname="test.VerifyCabPage" name="@AfterMethod navigateBackToHome" time="-1.663585809985E9">
    <skipped/>
  </testcase> <!-- @AfterMethod navigateBackToHome -->
  <testcase classname="test.VerifyCabPage" name="@BeforeMethod openCabPage" time="-1.663585809991E9">
    <skipped/>
  </testcase> <!-- @BeforeMethod openCabPage -->
  <testcase classname="test.VerifyCabPage" name="@AfterMethod navigateBackToHome" time="-1.663585810014E9">
    <skipped/>
  </testcase> <!-- @AfterMethod navigateBackToHome -->
  <testcase classname="test.VerifyCabPage" name="@AfterClass clearobjects" time="-1.663585810025E9">
    <skipped/>
  </testcase> <!-- @AfterClass clearobjects -->
  <testcase classname="test.VerifyCabPage" name="@AfterTest closeTheWindow" time="-1.663585810041E9">
    <skipped/>
  </testcase> <!-- @AfterTest closeTheWindow -->
  <testcase classname="test.VerifyCabPage" name="verifyHoyrlyRentalTab" time="0.0">
    <skipped/>
  </testcase> <!-- verifyHoyrlyRentalTab -->
  <testcase classname="test.VerifyCabPage" name="verifyOutstaionTab" time="0.0">
    <skipped/>
  </testcase> <!-- verifyOutstaionTab -->
</testsuite> <!-- Default test -->
