<?xml version="1.0" encoding="UTF-8"?>
<testng-results ignored="0" total="8" passed="6" failed="0" skipped="2">
  <reporter-output>
  </reporter-output>
  <suite started-at="2022-09-23T15:42:13 IST" name="RegressionSuite" finished-at="2022-09-23T15:45:30 IST" duration-ms="197186">
    <groups>
    </groups>
    <test started-at="2022-09-23T15:42:13 IST" name="FirefoxTest" finished-at="2022-09-23T15:43:31 IST" duration-ms="77672">
      <class name="test.VerifyHelpPageLink">
        <test-method is-config="true" signature="launchMultipleBrowser(java.lang.String)[pri:0, instance:test.VerifyHelpPageLink@67d48005]" started-at="2022-09-23T15:42:22 IST" name="launchMultipleBrowser" finished-at="2022-09-23T15:42:29 IST" duration-ms="6420" status="PASS">
          <params>
            <param index="0">
              <value>
                <![CDATA[Firefox]]>
              </value>
            </param>
          </params>
          <reporter-output>
          </reporter-output>
        </test-method> <!-- launchMultipleBrowser -->
        <test-method is-config="true" signature="openApplicationSearchBuses()[pri:0, instance:test.VerifyHelpPageLink@67d48005]" started-at="2022-09-23T15:42:52 IST" name="openApplicationSearchBuses" finished-at="2022-09-23T15:43:08 IST" duration-ms="16148" status="PASS">
          <reporter-output>
          </reporter-output>
        </test-method> <!-- openApplicationSearchBuses -->
        <test-method is-config="true" signature="openHelpPage()[pri:0, instance:test.VerifyHelpPageLink@67d48005]" started-at="2022-09-23T15:43:08 IST" name="openHelpPage" finished-at="2022-09-23T15:43:10 IST" duration-ms="1620" status="PASS">
          <reporter-output>
          </reporter-output>
        </test-method> <!-- openHelpPage -->
        <test-method signature="verifyLoginToAccountLink()[pri:0, instance:test.VerifyHelpPageLink@67d48005]" started-at="2022-09-23T15:43:10 IST" name="verifyLoginToAccountLink" finished-at="2022-09-23T15:43:15 IST" duration-ms="5048" status="PASS">
          <reporter-output>
          </reporter-output>
        </test-method> <!-- verifyLoginToAccountLink -->
        <test-method is-config="true" signature="closeCurrentWindowSwitchToMainWindow(org.testng.ITestResult)[pri:0, instance:test.VerifyHelpPageLink@67d48005]" started-at="2022-09-23T15:43:15 IST" name="closeCurrentWindowSwitchToMainWindow" finished-at="2022-09-23T15:43:15 IST" duration-ms="229" status="PASS">
          <params>
            <param index="0">
              <value>
                <![CDATA[[TestResult name=verifyLoginToAccountLink status=SUCCESS method=VerifyHelpPageLink.verifyLoginToAccountLink()[pri:0, instance:test.VerifyHelpPageLink@67d48005] output={null}]]]>
              </value>
            </param>
          </params>
          <reporter-output>
          </reporter-output>
        </test-method> <!-- closeCurrentWindowSwitchToMainWindow -->
        <test-method is-config="true" signature="openHelpPage()[pri:0, instance:test.VerifyHelpPageLink@67d48005]" started-at="2022-09-23T15:43:15 IST" name="openHelpPage" finished-at="2022-09-23T15:43:17 IST" duration-ms="1636" status="PASS">
          <reporter-output>
          </reporter-output>
        </test-method> <!-- openHelpPage -->
        <test-method signature="verifySetLanguage()[pri:0, instance:test.VerifyHelpPageLink@67d48005]" started-at="2022-09-23T15:43:17 IST" name="verifySetLanguage" finished-at="2022-09-23T15:43:27 IST" duration-ms="10127" status="PASS">
          <reporter-output>
          </reporter-output>
        </test-method> <!-- verifySetLanguage -->
        <test-method is-config="true" signature="closeCurrentWindowSwitchToMainWindow(org.testng.ITestResult)[pri:0, instance:test.VerifyHelpPageLink@67d48005]" started-at="2022-09-23T15:43:27 IST" name="closeCurrentWindowSwitchToMainWindow" finished-at="2022-09-23T15:43:27 IST" duration-ms="137" status="PASS">
          <params>
            <param index="0">
              <value>
                <![CDATA[[TestResult name=verifySetLanguage status=SUCCESS method=VerifyHelpPageLink.verifySetLanguage()[pri:0, instance:test.VerifyHelpPageLink@67d48005] output={null}]]]>
              </value>
            </param>
          </params>
          <reporter-output>
          </reporter-output>
        </test-method> <!-- closeCurrentWindowSwitchToMainWindow -->
        <test-method is-config="true" signature="clearObject()[pri:0, instance:test.VerifyHelpPageLink@67d48005]" started-at="2022-09-23T15:43:27 IST" name="clearObject" finished-at="2022-09-23T15:43:31 IST" duration-ms="3424" status="PASS">
          <reporter-output>
          </reporter-output>
        </test-method> <!-- clearObject -->
        <test-method is-config="true" signature="closeTheWindow()[pri:0, instance:test.VerifyHelpPageLink@67d48005]" started-at="2022-09-23T15:43:31 IST" name="closeTheWindow" finished-at="1970-01-01T05:30:00 IST" duration-ms="-1663928011182" status="SKIP">
          <reporter-output>
          </reporter-output>
        </test-method> <!-- closeTheWindow -->
      </class> <!-- test.VerifyHelpPageLink -->
      <class name="test.VerifyCabPage">
        <test-method is-config="true" signature="launchMultipleBrowser(java.lang.String)[pri:0, instance:test.VerifyCabPage@3e58a80e]" started-at="2022-09-23T15:42:13 IST" name="launchMultipleBrowser" finished-at="2022-09-23T15:42:22 IST" duration-ms="9369" status="PASS">
          <params>
            <param index="0">
              <value>
                <![CDATA[Firefox]]>
              </value>
            </param>
          </params>
          <reporter-output>
          </reporter-output>
        </test-method> <!-- launchMultipleBrowser -->
        <test-method is-config="true" signature="launchBrowser()[pri:0, instance:test.VerifyCabPage@3e58a80e]" started-at="2022-09-23T15:42:29 IST" name="launchBrowser" finished-at="2022-09-23T15:42:52 IST" duration-ms="23229" status="FAIL">
          <exception class="org.openqa.selenium.interactions.MoveTargetOutOfBoundsException">
            <message>
              <![CDATA[(0, 720) is out of bounds of viewport width (1366) and height (643)
Build info: version: '3.141.59', revision: 'e82be7d358', time: '2018-11-14T08:17:03'
System info: host: 'DESKTOP-S9F8K9E', ip: '192.168.43.18', os.name: 'Windows 10', os.arch: 'amd64', os.version: '10.0', java.version: '18.0.1.1'
Driver info: org.openqa.selenium.firefox.FirefoxDriver
Capabilities {acceptInsecureCerts: true, browserName: firefox, browserVersion: 105.0, javascriptEnabled: true, moz:accessibilityChecks: false, moz:buildID: 20220915150737, moz:geckodriverVersion: 0.31.0, moz:headless: false, moz:platformVersion: 10.0, moz:processID: 15784, moz:profile: C:\Users\ADMIN\AppData\Loca..., moz:shutdownTimeout: 60000, moz:useNonSpecCompliantPointerOrigin: false, moz:webdriverClick: true, moz:windowless: false, pageLoadStrategy: normal, platform: WINDOWS, platformName: WINDOWS, proxy: Proxy(), setWindowRect: true, strictFileInteractability: false, timeouts: {implicit: 0, pageLoad: 300000, script: 30000}, unhandledPromptBehavior: dismiss and notify}
Session ID: 8504d561-b4d3-4b1a-bd22-c9ec7e28d1c3]]>
            </message>
            <full-stacktrace>
              <![CDATA[org.openqa.selenium.interactions.MoveTargetOutOfBoundsException: (0, 720) is out of bounds of viewport width (1366) and height (643)
Build info: version: '3.141.59', revision: 'e82be7d358', time: '2018-11-14T08:17:03'
System info: host: 'DESKTOP-S9F8K9E', ip: '192.168.43.18', os.name: 'Windows 10', os.arch: 'amd64', os.version: '10.0', java.version: '18.0.1.1'
Driver info: org.openqa.selenium.firefox.FirefoxDriver
Capabilities {acceptInsecureCerts: true, browserName: firefox, browserVersion: 105.0, javascriptEnabled: true, moz:accessibilityChecks: false, moz:buildID: 20220915150737, moz:geckodriverVersion: 0.31.0, moz:headless: false, moz:platformVersion: 10.0, moz:processID: 15784, moz:profile: C:\Users\ADMIN\AppData\Loca..., moz:shutdownTimeout: 60000, moz:useNonSpecCompliantPointerOrigin: false, moz:webdriverClick: true, moz:windowless: false, pageLoadStrategy: normal, platform: WINDOWS, platformName: WINDOWS, proxy: Proxy(), setWindowRect: true, strictFileInteractability: false, timeouts: {implicit: 0, pageLoad: 300000, script: 30000}, unhandledPromptBehavior: dismiss and notify}
Session ID: 8504d561-b4d3-4b1a-bd22-c9ec7e28d1c3
at java.base/jdk.internal.reflect.DirectConstructorHandleAccessor.newInstance(DirectConstructorHandleAccessor.java:67)
at java.base/java.lang.reflect.Constructor.newInstanceWithCaller(Constructor.java:499)
at java.base/java.lang.reflect.Constructor.newInstance(Constructor.java:483)
at org.openqa.selenium.remote.http.W3CHttpResponseCodec.createException(W3CHttpResponseCodec.java:187)
at org.openqa.selenium.remote.http.W3CHttpResponseCodec.decode(W3CHttpResponseCodec.java:122)
at org.openqa.selenium.remote.http.W3CHttpResponseCodec.decode(W3CHttpResponseCodec.java:49)
at org.openqa.selenium.remote.HttpCommandExecutor.execute(HttpCommandExecutor.java:158)
at org.openqa.selenium.remote.service.DriverCommandExecutor.execute(DriverCommandExecutor.java:83)
at org.openqa.selenium.remote.RemoteWebDriver.execute(RemoteWebDriver.java:552)
at org.openqa.selenium.remote.RemoteWebDriver.perform(RemoteWebDriver.java:618)
at org.openqa.selenium.interactions.Actions$BuiltAction.perform(Actions.java:639)
at redbusPages.HomePage.popupCacel(HomePage.java:45)
at test.VerifyCabPage.launchBrowser(VerifyCabPage.java:69)
at java.base/jdk.internal.reflect.DirectMethodHandleAccessor.invoke(DirectMethodHandleAccessor.java:104)
at java.base/java.lang.reflect.Method.invoke(Method.java:577)
at org.testng.internal.MethodInvocationHelper.invokeMethod(MethodInvocationHelper.java:133)
at org.testng.internal.MethodInvocationHelper.invokeMethodConsideringTimeout(MethodInvocationHelper.java:62)
at org.testng.internal.ConfigInvoker.invokeConfigurationMethod(ConfigInvoker.java:385)
at org.testng.internal.ConfigInvoker.invokeConfigurations(ConfigInvoker.java:321)
at org.testng.internal.TestMethodWorker.invokeBeforeClassMethods(TestMethodWorker.java:176)
at org.testng.internal.TestMethodWorker.run(TestMethodWorker.java:122)
at java.base/java.util.ArrayList.forEach(ArrayList.java:1511)
at org.testng.TestRunner.privateRun(TestRunner.java:794)
at org.testng.TestRunner.run(TestRunner.java:596)
at org.testng.SuiteRunner.runTest(SuiteRunner.java:377)
at org.testng.SuiteRunner.runSequentially(SuiteRunner.java:371)
at org.testng.SuiteRunner.privateRun(SuiteRunner.java:332)
at org.testng.SuiteRunner.run(SuiteRunner.java:276)
at org.testng.SuiteRunnerWorker.runSuite(SuiteRunnerWorker.java:53)
at org.testng.SuiteRunnerWorker.run(SuiteRunnerWorker.java:96)
at org.testng.TestNG.runSuitesSequentially(TestNG.java:1212)
at org.testng.TestNG.runSuitesLocally(TestNG.java:1134)
at org.testng.TestNG.runSuites(TestNG.java:1063)
at org.testng.TestNG.run(TestNG.java:1031)
at org.testng.remote.AbstractRemoteTestNG.run(AbstractRemoteTestNG.java:115)
at org.testng.remote.RemoteTestNG.initAndRun(RemoteTestNG.java:251)
at org.testng.remote.RemoteTestNG.main(RemoteTestNG.java:77)
]]>
            </full-stacktrace>
          </exception> <!-- org.openqa.selenium.interactions.MoveTargetOutOfBoundsException -->
          <reporter-output>
          </reporter-output>
        </test-method> <!-- launchBrowser -->
        <test-method is-config="true" signature="openCabPage()[pri:0, instance:test.VerifyCabPage@3e58a80e]" started-at="2022-09-23T15:42:52 IST" name="openCabPage" finished-at="1970-01-01T05:30:00 IST" duration-ms="-1663927972707" status="SKIP">
          <reporter-output>
          </reporter-output>
        </test-method> <!-- openCabPage -->
        <test-method signature="verifyHoyrlyRentalTab()[pri:0, instance:test.VerifyCabPage@3e58a80e]" started-at="2022-09-23T15:42:52 IST" name="verifyHoyrlyRentalTab" finished-at="2022-09-23T15:42:52 IST" duration-ms="0" status="SKIP">
          <exception class="org.openqa.selenium.interactions.MoveTargetOutOfBoundsException">
            <message>
              <![CDATA[(0, 720) is out of bounds of viewport width (1366) and height (643)
Build info: version: '3.141.59', revision: 'e82be7d358', time: '2018-11-14T08:17:03'
System info: host: 'DESKTOP-S9F8K9E', ip: '192.168.43.18', os.name: 'Windows 10', os.arch: 'amd64', os.version: '10.0', java.version: '18.0.1.1'
Driver info: org.openqa.selenium.firefox.FirefoxDriver
Capabilities {acceptInsecureCerts: true, browserName: firefox, browserVersion: 105.0, javascriptEnabled: true, moz:accessibilityChecks: false, moz:buildID: 20220915150737, moz:geckodriverVersion: 0.31.0, moz:headless: false, moz:platformVersion: 10.0, moz:processID: 15784, moz:profile: C:\Users\ADMIN\AppData\Loca..., moz:shutdownTimeout: 60000, moz:useNonSpecCompliantPointerOrigin: false, moz:webdriverClick: true, moz:windowless: false, pageLoadStrategy: normal, platform: WINDOWS, platformName: WINDOWS, proxy: Proxy(), setWindowRect: true, strictFileInteractability: false, timeouts: {implicit: 0, pageLoad: 300000, script: 30000}, unhandledPromptBehavior: dismiss and notify}
Session ID: 8504d561-b4d3-4b1a-bd22-c9ec7e28d1c3]]>
            </message>
            <full-stacktrace>
              <![CDATA[org.openqa.selenium.interactions.MoveTargetOutOfBoundsException: (0, 720) is out of bounds of viewport width (1366) and height (643)
Build info: version: '3.141.59', revision: 'e82be7d358', time: '2018-11-14T08:17:03'
System info: host: 'DESKTOP-S9F8K9E', ip: '192.168.43.18', os.name: 'Windows 10', os.arch: 'amd64', os.version: '10.0', java.version: '18.0.1.1'
Driver info: org.openqa.selenium.firefox.FirefoxDriver
Capabilities {acceptInsecureCerts: true, browserName: firefox, browserVersion: 105.0, javascriptEnabled: true, moz:accessibilityChecks: false, moz:buildID: 20220915150737, moz:geckodriverVersion: 0.31.0, moz:headless: false, moz:platformVersion: 10.0, moz:processID: 15784, moz:profile: C:\Users\ADMIN\AppData\Loca..., moz:shutdownTimeout: 60000, moz:useNonSpecCompliantPointerOrigin: false, moz:webdriverClick: true, moz:windowless: false, pageLoadStrategy: normal, platform: WINDOWS, platformName: WINDOWS, proxy: Proxy(), setWindowRect: true, strictFileInteractability: false, timeouts: {implicit: 0, pageLoad: 300000, script: 30000}, unhandledPromptBehavior: dismiss and notify}
Session ID: 8504d561-b4d3-4b1a-bd22-c9ec7e28d1c3
at java.base/jdk.internal.reflect.DirectConstructorHandleAccessor.newInstance(DirectConstructorHandleAccessor.java:67)
at java.base/java.lang.reflect.Constructor.newInstanceWithCaller(Constructor.java:499)
at java.base/java.lang.reflect.Constructor.newInstance(Constructor.java:483)
at org.openqa.selenium.remote.http.W3CHttpResponseCodec.createException(W3CHttpResponseCodec.java:187)
at org.openqa.selenium.remote.http.W3CHttpResponseCodec.decode(W3CHttpResponseCodec.java:122)
at org.openqa.selenium.remote.http.W3CHttpResponseCodec.decode(W3CHttpResponseCodec.java:49)
at org.openqa.selenium.remote.HttpCommandExecutor.execute(HttpCommandExecutor.java:158)
at org.openqa.selenium.remote.service.DriverCommandExecutor.execute(DriverCommandExecutor.java:83)
at org.openqa.selenium.remote.RemoteWebDriver.execute(RemoteWebDriver.java:552)
at org.openqa.selenium.remote.RemoteWebDriver.perform(RemoteWebDriver.java:618)
at org.openqa.selenium.interactions.Actions$BuiltAction.perform(Actions.java:639)
at redbusPages.HomePage.popupCacel(HomePage.java:45)
at test.VerifyCabPage.launchBrowser(VerifyCabPage.java:69)
at java.base/jdk.internal.reflect.DirectMethodHandleAccessor.invoke(DirectMethodHandleAccessor.java:104)
at java.base/java.lang.reflect.Method.invoke(Method.java:577)
at org.testng.internal.MethodInvocationHelper.invokeMethod(MethodInvocationHelper.java:133)
at org.testng.internal.MethodInvocationHelper.invokeMethodConsideringTimeout(MethodInvocationHelper.java:62)
at org.testng.internal.ConfigInvoker.invokeConfigurationMethod(ConfigInvoker.java:385)
at org.testng.internal.ConfigInvoker.invokeConfigurations(ConfigInvoker.java:321)
at org.testng.internal.TestMethodWorker.invokeBeforeClassMethods(TestMethodWorker.java:176)
at org.testng.internal.TestMethodWorker.run(TestMethodWorker.java:122)
at java.base/java.util.ArrayList.forEach(ArrayList.java:1511)
at org.testng.TestRunner.privateRun(TestRunner.java:794)
at org.testng.TestRunner.run(TestRunner.java:596)
at org.testng.SuiteRunner.runTest(SuiteRunner.java:377)
at org.testng.SuiteRunner.runSequentially(SuiteRunner.java:371)
at org.testng.SuiteRunner.privateRun(SuiteRunner.java:332)
at org.testng.SuiteRunner.run(SuiteRunner.java:276)
at org.testng.SuiteRunnerWorker.runSuite(SuiteRunnerWorker.java:53)
at org.testng.SuiteRunnerWorker.run(SuiteRunnerWorker.java:96)
at org.testng.TestNG.runSuitesSequentially(TestNG.java:1212)
at org.testng.TestNG.runSuitesLocally(TestNG.java:1134)
at org.testng.TestNG.runSuites(TestNG.java:1063)
at org.testng.TestNG.run(TestNG.java:1031)
at org.testng.remote.AbstractRemoteTestNG.run(AbstractRemoteTestNG.java:115)
at org.testng.remote.RemoteTestNG.initAndRun(RemoteTestNG.java:251)
at org.testng.remote.RemoteTestNG.main(RemoteTestNG.java:77)
]]>
            </full-stacktrace>
          </exception> <!-- org.openqa.selenium.interactions.MoveTargetOutOfBoundsException -->
          <reporter-output>
          </reporter-output>
        </test-method> <!-- verifyHoyrlyRentalTab -->
        <test-method is-config="true" signature="navigateBackToHome(org.testng.ITestResult)[pri:0, instance:test.VerifyCabPage@3e58a80e]" started-at="2022-09-23T15:42:52 IST" name="navigateBackToHome" finished-at="1970-01-01T05:30:00 IST" duration-ms="-1663927972726" status="SKIP">
          <reporter-output>
          </reporter-output>
        </test-method> <!-- navigateBackToHome -->
        <test-method is-config="true" signature="openCabPage()[pri:0, instance:test.VerifyCabPage@3e58a80e]" started-at="2022-09-23T15:42:52 IST" name="openCabPage" finished-at="1970-01-01T05:30:00 IST" duration-ms="-1663927972769" status="SKIP">
          <reporter-output>
          </reporter-output>
        </test-method> <!-- openCabPage -->
        <test-method signature="verifyOutstaionTab()[pri:0, instance:test.VerifyCabPage@3e58a80e]" started-at="2022-09-23T15:42:52 IST" name="verifyOutstaionTab" finished-at="2022-09-23T15:42:52 IST" duration-ms="0" status="SKIP">
          <exception class="org.openqa.selenium.interactions.MoveTargetOutOfBoundsException">
            <message>
              <![CDATA[(0, 720) is out of bounds of viewport width (1366) and height (643)
Build info: version: '3.141.59', revision: 'e82be7d358', time: '2018-11-14T08:17:03'
System info: host: 'DESKTOP-S9F8K9E', ip: '192.168.43.18', os.name: 'Windows 10', os.arch: 'amd64', os.version: '10.0', java.version: '18.0.1.1'
Driver info: org.openqa.selenium.firefox.FirefoxDriver
Capabilities {acceptInsecureCerts: true, browserName: firefox, browserVersion: 105.0, javascriptEnabled: true, moz:accessibilityChecks: false, moz:buildID: 20220915150737, moz:geckodriverVersion: 0.31.0, moz:headless: false, moz:platformVersion: 10.0, moz:processID: 15784, moz:profile: C:\Users\ADMIN\AppData\Loca..., moz:shutdownTimeout: 60000, moz:useNonSpecCompliantPointerOrigin: false, moz:webdriverClick: true, moz:windowless: false, pageLoadStrategy: normal, platform: WINDOWS, platformName: WINDOWS, proxy: Proxy(), setWindowRect: true, strictFileInteractability: false, timeouts: {implicit: 0, pageLoad: 300000, script: 30000}, unhandledPromptBehavior: dismiss and notify}
Session ID: 8504d561-b4d3-4b1a-bd22-c9ec7e28d1c3]]>
            </message>
            <full-stacktrace>
              <![CDATA[org.openqa.selenium.interactions.MoveTargetOutOfBoundsException: (0, 720) is out of bounds of viewport width (1366) and height (643)
Build info: version: '3.141.59', revision: 'e82be7d358', time: '2018-11-14T08:17:03'
System info: host: 'DESKTOP-S9F8K9E', ip: '192.168.43.18', os.name: 'Windows 10', os.arch: 'amd64', os.version: '10.0', java.version: '18.0.1.1'
Driver info: org.openqa.selenium.firefox.FirefoxDriver
Capabilities {acceptInsecureCerts: true, browserName: firefox, browserVersion: 105.0, javascriptEnabled: true, moz:accessibilityChecks: false, moz:buildID: 20220915150737, moz:geckodriverVersion: 0.31.0, moz:headless: false, moz:platformVersion: 10.0, moz:processID: 15784, moz:profile: C:\Users\ADMIN\AppData\Loca..., moz:shutdownTimeout: 60000, moz:useNonSpecCompliantPointerOrigin: false, moz:webdriverClick: true, moz:windowless: false, pageLoadStrategy: normal, platform: WINDOWS, platformName: WINDOWS, proxy: Proxy(), setWindowRect: true, strictFileInteractability: false, timeouts: {implicit: 0, pageLoad: 300000, script: 30000}, unhandledPromptBehavior: dismiss and notify}
Session ID: 8504d561-b4d3-4b1a-bd22-c9ec7e28d1c3
at java.base/jdk.internal.reflect.DirectConstructorHandleAccessor.newInstance(DirectConstructorHandleAccessor.java:67)
at java.base/java.lang.reflect.Constructor.newInstanceWithCaller(Constructor.java:499)
at java.base/java.lang.reflect.Constructor.newInstance(Constructor.java:483)
at org.openqa.selenium.remote.http.W3CHttpResponseCodec.createException(W3CHttpResponseCodec.java:187)
at org.openqa.selenium.remote.http.W3CHttpResponseCodec.decode(W3CHttpResponseCodec.java:122)
at org.openqa.selenium.remote.http.W3CHttpResponseCodec.decode(W3CHttpResponseCodec.java:49)
at org.openqa.selenium.remote.HttpCommandExecutor.execute(HttpCommandExecutor.java:158)
at org.openqa.selenium.remote.service.DriverCommandExecutor.execute(DriverCommandExecutor.java:83)
at org.openqa.selenium.remote.RemoteWebDriver.execute(RemoteWebDriver.java:552)
at org.openqa.selenium.remote.RemoteWebDriver.perform(RemoteWebDriver.java:618)
at org.openqa.selenium.interactions.Actions$BuiltAction.perform(Actions.java:639)
at redbusPages.HomePage.popupCacel(HomePage.java:45)
at test.VerifyCabPage.launchBrowser(VerifyCabPage.java:69)
at java.base/jdk.internal.reflect.DirectMethodHandleAccessor.invoke(DirectMethodHandleAccessor.java:104)
at java.base/java.lang.reflect.Method.invoke(Method.java:577)
at org.testng.internal.MethodInvocationHelper.invokeMethod(MethodInvocationHelper.java:133)
at org.testng.internal.MethodInvocationHelper.invokeMethodConsideringTimeout(MethodInvocationHelper.java:62)
at org.testng.internal.ConfigInvoker.invokeConfigurationMethod(ConfigInvoker.java:385)
at org.testng.internal.ConfigInvoker.invokeConfigurations(ConfigInvoker.java:321)
at org.testng.internal.TestMethodWorker.invokeBeforeClassMethods(TestMethodWorker.java:176)
at org.testng.internal.TestMethodWorker.run(TestMethodWorker.java:122)
at java.base/java.util.ArrayList.forEach(ArrayList.java:1511)
at org.testng.TestRunner.privateRun(TestRunner.java:794)
at org.testng.TestRunner.run(TestRunner.java:596)
at org.testng.SuiteRunner.runTest(SuiteRunner.java:377)
at org.testng.SuiteRunner.runSequentially(SuiteRunner.java:371)
at org.testng.SuiteRunner.privateRun(SuiteRunner.java:332)
at org.testng.SuiteRunner.run(SuiteRunner.java:276)
at org.testng.SuiteRunnerWorker.runSuite(SuiteRunnerWorker.java:53)
at org.testng.SuiteRunnerWorker.run(SuiteRunnerWorker.java:96)
at org.testng.TestNG.runSuitesSequentially(TestNG.java:1212)
at org.testng.TestNG.runSuitesLocally(TestNG.java:1134)
at org.testng.TestNG.runSuites(TestNG.java:1063)
at org.testng.TestNG.run(TestNG.java:1031)
at org.testng.remote.AbstractRemoteTestNG.run(AbstractRemoteTestNG.java:115)
at org.testng.remote.RemoteTestNG.initAndRun(RemoteTestNG.java:251)
at org.testng.remote.RemoteTestNG.main(RemoteTestNG.java:77)
]]>
            </full-stacktrace>
          </exception> <!-- org.openqa.selenium.interactions.MoveTargetOutOfBoundsException -->
          <reporter-output>
          </reporter-output>
        </test-method> <!-- verifyOutstaionTab -->
        <test-method is-config="true" signature="navigateBackToHome(org.testng.ITestResult)[pri:0, instance:test.VerifyCabPage@3e58a80e]" started-at="2022-09-23T15:42:52 IST" name="navigateBackToHome" finished-at="1970-01-01T05:30:00 IST" duration-ms="-1663927972786" status="SKIP">
          <reporter-output>
          </reporter-output>
        </test-method> <!-- navigateBackToHome -->
        <test-method is-config="true" signature="clearobjects()[pri:0, instance:test.VerifyCabPage@3e58a80e]" started-at="2022-09-23T15:42:52 IST" name="clearobjects" finished-at="1970-01-01T05:30:00 IST" duration-ms="-1663927972790" status="SKIP">
          <reporter-output>
          </reporter-output>
        </test-method> <!-- clearobjects -->
        <test-method is-config="true" signature="closeTheWindow()[pri:0, instance:test.VerifyCabPage@3e58a80e]" started-at="2022-09-23T15:43:31 IST" name="closeTheWindow" finished-at="1970-01-01T05:30:00 IST" duration-ms="-1663928011180" status="SKIP">
          <reporter-output>
          </reporter-output>
        </test-method> <!-- closeTheWindow -->
      </class> <!-- test.VerifyCabPage -->
    </test> <!-- FirefoxTest -->
    <test started-at="2022-09-23T15:43:31 IST" name="ChromeTest" finished-at="2022-09-23T15:45:30 IST" duration-ms="119414">
      <class name="test.VerifyHelpPageLink">
        <test-method is-config="true" signature="launchMultipleBrowser(java.lang.String)[pri:0, instance:test.VerifyHelpPageLink@7d8995e]" started-at="2022-09-23T15:43:34 IST" name="launchMultipleBrowser" finished-at="2022-09-23T15:43:36 IST" duration-ms="1466" status="PASS">
          <params>
            <param index="0">
              <value>
                <![CDATA[Chrome]]>
              </value>
            </param>
          </params>
          <reporter-output>
          </reporter-output>
        </test-method> <!-- launchMultipleBrowser -->
        <test-method is-config="true" signature="openApplicationSearchBuses()[pri:0, instance:test.VerifyHelpPageLink@7d8995e]" started-at="2022-09-23T15:43:36 IST" name="openApplicationSearchBuses" finished-at="2022-09-23T15:43:53 IST" duration-ms="17179" status="PASS">
          <reporter-output>
          </reporter-output>
        </test-method> <!-- openApplicationSearchBuses -->
        <test-method is-config="true" signature="openHelpPage()[pri:0, instance:test.VerifyHelpPageLink@7d8995e]" started-at="2022-09-23T15:43:53 IST" name="openHelpPage" finished-at="2022-09-23T15:44:32 IST" duration-ms="38967" status="PASS">
          <reporter-output>
          </reporter-output>
        </test-method> <!-- openHelpPage -->
        <test-method signature="verifyLoginToAccountLink()[pri:0, instance:test.VerifyHelpPageLink@7d8995e]" started-at="2022-09-23T15:44:32 IST" name="verifyLoginToAccountLink" finished-at="2022-09-23T15:44:36 IST" duration-ms="4006" status="PASS">
          <reporter-output>
          </reporter-output>
        </test-method> <!-- verifyLoginToAccountLink -->
        <test-method is-config="true" signature="closeCurrentWindowSwitchToMainWindow(org.testng.ITestResult)[pri:0, instance:test.VerifyHelpPageLink@7d8995e]" started-at="2022-09-23T15:44:36 IST" name="closeCurrentWindowSwitchToMainWindow" finished-at="2022-09-23T15:44:36 IST" duration-ms="139" status="PASS">
          <params>
            <param index="0">
              <value>
                <![CDATA[[TestResult name=verifyLoginToAccountLink status=SUCCESS method=VerifyHelpPageLink.verifyLoginToAccountLink()[pri:0, instance:test.VerifyHelpPageLink@7d8995e] output={null}]]]>
              </value>
            </param>
          </params>
          <reporter-output>
          </reporter-output>
        </test-method> <!-- closeCurrentWindowSwitchToMainWindow -->
        <test-method is-config="true" signature="openHelpPage()[pri:0, instance:test.VerifyHelpPageLink@7d8995e]" started-at="2022-09-23T15:44:36 IST" name="openHelpPage" finished-at="2022-09-23T15:44:44 IST" duration-ms="7763" status="PASS">
          <reporter-output>
          </reporter-output>
        </test-method> <!-- openHelpPage -->
        <test-method signature="verifySetLanguage()[pri:0, instance:test.VerifyHelpPageLink@7d8995e]" started-at="2022-09-23T15:44:44 IST" name="verifySetLanguage" finished-at="2022-09-23T15:44:50 IST" duration-ms="6859" status="PASS">
          <reporter-output>
          </reporter-output>
        </test-method> <!-- verifySetLanguage -->
        <test-method is-config="true" signature="closeCurrentWindowSwitchToMainWindow(org.testng.ITestResult)[pri:0, instance:test.VerifyHelpPageLink@7d8995e]" started-at="2022-09-23T15:44:50 IST" name="closeCurrentWindowSwitchToMainWindow" finished-at="2022-09-23T15:44:51 IST" duration-ms="124" status="PASS">
          <params>
            <param index="0">
              <value>
                <![CDATA[[TestResult name=verifySetLanguage status=SUCCESS method=VerifyHelpPageLink.verifySetLanguage()[pri:0, instance:test.VerifyHelpPageLink@7d8995e] output={null}]]]>
              </value>
            </param>
          </params>
          <reporter-output>
          </reporter-output>
        </test-method> <!-- closeCurrentWindowSwitchToMainWindow -->
        <test-method is-config="true" signature="clearObject()[pri:0, instance:test.VerifyHelpPageLink@7d8995e]" started-at="2022-09-23T15:44:51 IST" name="clearObject" finished-at="2022-09-23T15:44:52 IST" duration-ms="1562" status="PASS">
          <reporter-output>
          </reporter-output>
        </test-method> <!-- clearObject -->
        <test-method is-config="true" signature="closeTheWindow()[pri:0, instance:test.VerifyHelpPageLink@7d8995e]" started-at="2022-09-23T15:45:30 IST" name="closeTheWindow" finished-at="2022-09-23T15:45:30 IST" duration-ms="52" status="PASS">
          <reporter-output>
          </reporter-output>
        </test-method> <!-- closeTheWindow -->
      </class> <!-- test.VerifyHelpPageLink -->
      <class name="test.VerifyCabPage">
        <test-method is-config="true" signature="launchMultipleBrowser(java.lang.String)[pri:0, instance:test.VerifyCabPage@130d63be]" started-at="2022-09-23T15:43:31 IST" name="launchMultipleBrowser" finished-at="2022-09-23T15:43:34 IST" duration-ms="3252" status="PASS">
          <params>
            <param index="0">
              <value>
                <![CDATA[Chrome]]>
              </value>
            </param>
          </params>
          <reporter-output>
          </reporter-output>
        </test-method> <!-- launchMultipleBrowser -->
        <test-method is-config="true" signature="launchBrowser()[pri:0, instance:test.VerifyCabPage@130d63be]" started-at="2022-09-23T15:44:52 IST" name="launchBrowser" finished-at="2022-09-23T15:45:18 IST" duration-ms="25931" status="PASS">
          <reporter-output>
          </reporter-output>
        </test-method> <!-- launchBrowser -->
        <test-method is-config="true" signature="openCabPage()[pri:0, instance:test.VerifyCabPage@130d63be]" started-at="2022-09-23T15:45:18 IST" name="openCabPage" finished-at="2022-09-23T15:45:23 IST" duration-ms="4818" status="PASS">
          <reporter-output>
          </reporter-output>
        </test-method> <!-- openCabPage -->
        <test-method signature="verifyHoyrlyRentalTab()[pri:0, instance:test.VerifyCabPage@130d63be]" started-at="2022-09-23T15:45:23 IST" name="verifyHoyrlyRentalTab" finished-at="2022-09-23T15:45:23 IST" duration-ms="321" status="PASS">
          <reporter-output>
          </reporter-output>
        </test-method> <!-- verifyHoyrlyRentalTab -->
        <test-method is-config="true" signature="navigateBackToHome(org.testng.ITestResult)[pri:0, instance:test.VerifyCabPage@130d63be]" started-at="2022-09-23T15:45:23 IST" name="navigateBackToHome" finished-at="2022-09-23T15:45:24 IST" duration-ms="1263" status="PASS">
          <params>
            <param index="0">
              <value>
                <![CDATA[[TestResult name=verifyHoyrlyRentalTab status=SUCCESS method=VerifyCabPage.verifyHoyrlyRentalTab()[pri:0, instance:test.VerifyCabPage@130d63be] output={null}]]]>
              </value>
            </param>
          </params>
          <reporter-output>
          </reporter-output>
        </test-method> <!-- navigateBackToHome -->
        <test-method is-config="true" signature="openCabPage()[pri:0, instance:test.VerifyCabPage@130d63be]" started-at="2022-09-23T15:45:24 IST" name="openCabPage" finished-at="2022-09-23T15:45:27 IST" duration-ms="2858" status="PASS">
          <reporter-output>
          </reporter-output>
        </test-method> <!-- openCabPage -->
        <test-method signature="verifyOutstaionTab()[pri:0, instance:test.VerifyCabPage@130d63be]" started-at="2022-09-23T15:45:27 IST" name="verifyOutstaionTab" finished-at="2022-09-23T15:45:28 IST" duration-ms="421" status="PASS">
          <reporter-output>
          </reporter-output>
        </test-method> <!-- verifyOutstaionTab -->
        <test-method is-config="true" signature="navigateBackToHome(org.testng.ITestResult)[pri:0, instance:test.VerifyCabPage@130d63be]" started-at="2022-09-23T15:45:28 IST" name="navigateBackToHome" finished-at="2022-09-23T15:45:29 IST" duration-ms="1115" status="PASS">
          <params>
            <param index="0">
              <value>
                <![CDATA[[TestResult name=verifyOutstaionTab status=SUCCESS method=VerifyCabPage.verifyOutstaionTab()[pri:0, instance:test.VerifyCabPage@130d63be] output={null}]]]>
              </value>
            </param>
          </params>
          <reporter-output>
          </reporter-output>
        </test-method> <!-- navigateBackToHome -->
        <test-method is-config="true" signature="clearobjects()[pri:0, instance:test.VerifyCabPage@130d63be]" started-at="2022-09-23T15:45:29 IST" name="clearobjects" finished-at="2022-09-23T15:45:30 IST" duration-ms="1219" status="PASS">
          <reporter-output>
          </reporter-output>
        </test-method> <!-- clearobjects -->
        <test-method is-config="true" signature="closeTheWindow()[pri:0, instance:test.VerifyCabPage@130d63be]" started-at="2022-09-23T15:45:30 IST" name="closeTheWindow" finished-at="2022-09-23T15:45:30 IST" duration-ms="46" status="PASS">
          <reporter-output>
          </reporter-output>
        </test-method> <!-- closeTheWindow -->
      </class> <!-- test.VerifyCabPage -->
    </test> <!-- ChromeTest -->
  </suite> <!-- RegressionSuite -->
</testng-results>
